<?xml version="1.0" encoding="UTF-8"?>
<testng-results skipped="0" failed="0" ignored="0" total="1" passed="1">
  <reporter-output>
  </reporter-output>
  <suite name="Default suite" duration-ms="6163" started-at="2019-11-13T15:20:04Z" finished-at="2019-11-13T15:20:10Z">
    <groups>
    </groups>
    <test name="Default test" duration-ms="6163" started-at="2019-11-13T15:20:04Z" finished-at="2019-11-13T15:20:10Z">
      <class name="database.ConnectMySQL">
        <test-method status="PASS" signature="testDB()[pri:0, instance:database.ConnectMySQL@1f7030a6]" name="testDB" duration-ms="6035" started-at="2019-11-13T15:20:04Z" finished-at="2019-11-13T15:20:10Z">
          <reporter-output>
          </reporter-output>
        </test-method> <!-- testDB -->
      </class> <!-- database.ConnectMySQL -->
    </test> <!-- Default test -->
  </suite> <!-- Default suite -->
</testng-results>
